<?xml version="1.0" encoding="UTF-8"?>
<!-- Generated by org.testng.reporters.JUnitReportReporter -->
<testsuite skipped="0" hostname="GHRYFH2" name="com.Kmslearn.Selenium.Test3" tests="1" failures="0" timestamp="2019-05-06T20:13:51 ICT" time="5.683" errors="0">
  <testcase name="CheckNote" time="5.683" classname="com.Kmslearn.Selenium.Test3"/>
</testsuite> <!-- com.Kmslearn.Selenium.Test3 -->
