<?xml version="1.0" encoding="UTF-8"?>
<!-- Generated by org.testng.reporters.JUnitReportReporter -->
<testsuite skipped="0" hostname="GHRYFH2" name="com.Kmslearn.Selenium.Test2" tests="1" failures="0" timestamp="2019-05-06T20:13:51 ICT" time="4.343" errors="0">
  <testcase name="Login" time="4.343" classname="com.Kmslearn.Selenium.Test2"/>
</testsuite> <!-- com.Kmslearn.Selenium.Test2 -->
