<?xml version="1.0" encoding="UTF-8"?>
<!-- Generated by org.testng.reporters.JUnitReportReporter -->
<testsuite skipped="0" hostname="GHRYFH2" name="com.Kmslearn.Selenium.Test2" tests="2" failures="0" timestamp="2019-05-02T20:30:02 ICT" time="0.002" errors="0">
  <testcase name="f4" time="0.001" classname="com.Kmslearn.Selenium.Test2"/>
  <testcase name="f3" time="0.001" classname="com.Kmslearn.Selenium.Test2"/>
</testsuite> <!-- com.Kmslearn.Selenium.Test2 -->
