<?xml version="1.0" encoding="UTF-8"?>
<!-- Generated by org.testng.reporters.JUnitReportReporter -->
<testsuite skipped="0" hostname="GHRYFH2" name="com.Kmslearn.Selenium.Test1" tests="3" failures="0" timestamp="2019-05-02T20:30:02 ICT" time="0.005" errors="0">
  <testcase name="f2" time="0.002" classname="com.Kmslearn.Selenium.Test1"/>
  <testcase name="f5" time="0.003" classname="com.Kmslearn.Selenium.Test1"/>
  <testcase name="$f" time="0.000" classname="com.Kmslearn.Selenium.Test1"/>
</testsuite> <!-- com.Kmslearn.Selenium.Test1 -->
